#
# There is insufficient memory for the Java Runtime Environment to continue.
# Native memory allocation (mmap) failed to map 134217728 bytes for G1 virtual space
# Possible reasons:
#   The system is out of physical RAM or swap space
#   The process is running with CompressedOops enabled, and the Java Heap may be blocking the growth of the native heap
# Possible solutions:
#   Reduce memory load on the system
#   Increase physical memory or swap space
#   Check if swap backing store is full
#   Decrease Java heap size (-Xmx/-Xms)
#   Decrease number of Java threads
#   Decrease Java thread stack sizes (-Xss)
#   Set larger code cache with -XX:ReservedCodeCacheSize=
#   JVM is running with Unscaled Compressed Oops mode in which the Java heap is
#     placed in the first 4GB address space. The Java Heap base address is the
#     maximum limit for the native heap growth. Please use -XX:HeapBaseMinAddress
#     to set the Java Heap base and to place the Java Heap above 4GB virtual address.
# This output file may be truncated or incomplete.
#
#  Out of Memory Error (os_windows.cpp:3600), pid=8932, tid=9516
#
# JRE version:  (21.0.1+12) (build )
# Java VM: Java HotSpot(TM) 64-Bit Server VM (21.0.1+12-LTS-29, mixed mode, sharing, tiered, compressed oops, compressed class ptrs, g1 gc, windows-amd64)
# No core dump will be written. Minidumps are not enabled by default on client versions of Windows
#

---------------  S U M M A R Y ------------

Command Line: -Dfile.encoding=UTF-8 --module-path=C:\Users\S.E\Documents\NetBeansProjects\University Management System\build\classes university.management.system.About

Host: Intel(R) Core(TM) i5-4310U CPU @ 2.00GHz, 4 cores, 7G,  Windows 10 , 64 bit Build 19041 (10.0.19041.3636)
Time: Thu Jun 20 09:56:06 2024 India Standard Time elapsed time: 0.018466 seconds (0d 0h 0m 0s)

---------------  T H R E A D  ---------------

Current thread (0x000002546f789380):  JavaThread "Unknown thread" [_thread_in_vm, id=9516, stack(0x000000958f300000,0x000000958f400000) (1024K)]

Stack: [0x000000958f300000,0x000000958f400000]
Native frames: (J=compiled Java code, j=interpreted, Vv=VM code, C=native code)
V  [jvm.dll+0x6c9029]
V  [jvm.dll+0x854b81]
V  [jvm.dll+0x856e5e]
V  [jvm.dll+0x857543]
V  [jvm.dll+0x280c06]
V  [jvm.dll+0x6c5715]
V  [jvm.dll+0x6ba10a]
V  [jvm.dll+0x3557ea]
V  [jvm.dll+0x35d436]
V  [jvm.dll+0x3ae1be]
V  [jvm.dll+0x3ae468]
V  [jvm.dll+0x3291fc]
V  [jvm.dll+0x329d8b]
V  [jvm.dll+0x81d179]
V  [jvm.dll+0x3bb4f1]
V  [jvm.dll+0x805ae8]
V  [jvm.dll+0x44effe]
V  [jvm.dll+0x450901]
C  [jli.dll+0x52a3]
C  [ucrtbase.dll+0x21bb2]
C  [KERNEL32.DLL+0x17344]
C  [ntdll.dll+0x4cc91]


---------------  P R O C E S S  ---------------

Threads class SMR info:
_java_thread_list=0x00007ff86f8c9b88, length=0, elements={
}

Java Threads: ( => current thread )
Total: 0

Other Threads:
  0x00000254719aacd0 WorkerThread "GC Thread#0"                     [id=4100, stack(0x000000958f400000,0x000000958f500000) (1024K)]
  0x00000254719bc3b0 ConcurrentGCThread "G1 Main Marker"            [id=5848, stack(0x000000958f500000,0x000000958f600000) (1024K)]
  0x00000254719bd650 WorkerThread "G1 Conc#0"                       [id=13200, stack(0x000000958f600000,0x000000958f700000) (1024K)]

[error occurred during error reporting (printing all threads), id 0xc0000005, EXCEPTION_ACCESS_VIOLATION (0xc0000005) at pc=0x00007ff86f03c2c7]
VM state: not at safepoint (not fully initialized)

VM Mutex/Monitor currently owned by a thread:  ([mutex/lock_event])
[0x00007ff86f93a6f8] Heap_lock - owner thread: 0x000002546f789380

Heap address: 0x0000000081600000, size: 2026 MB, Compressed Oops mode: 32-bit

CDS archive(s) mapped at: [0x0000000000000000-0x0000000000000000-0x0000000000000000), size 0, SharedBaseAddress: 0x0000000800000000, ArchiveRelocationMode: 1.
Narrow klass base: 0x0000000000000000, Narrow klass shift: 0, Narrow klass range: 0x0

GC Precious Log:
 CardTable entry size: 512
 Card Set container configuration: InlinePtr #cards 5 size 8 Array Of Cards #cards 12 size 40 Howl #buckets 4 coarsen threshold 1843 Howl Bitmap #cards 512 size 80 coarsen threshold 460 Card regions per heap region 1 cards per card region 2048

Heap:
 garbage-first heap   total 0K, used 0K [0x0000000081600000, 0x0000000100000000)
  region size 1024K, 0 young (0K), 0 survivors (0K)

[error occurred during error reporting (printing heap information), id 0xc0000005, EXCEPTION_ACCESS_VIOLATION (0xc0000005) at pc=0x00007ff86f421be9]
GC Heap History (0 events):
No events

Dll operation events (1 events):
Event: 0.008 Loaded shared library C:\Program Files\Java\jdk-21\bin\java.dll

Deoptimization events (0 events):
No events

Classes loaded (0 events):
No events

Classes unloaded (0 events):
No events

Classes redefined (0 events):
No events

Internal exceptions (0 events):
No events

ZGC Phase Switch (0 events):
No events

VM Operations (0 events):
No events

Events (0 events):
No events


Dynamic libraries:
0x00007ff7ee6b0000 - 0x00007ff7ee6c0000 	C:\Program Files\Java\jdk-21\bin\java.exe
0x00007ff8dcf10000 - 0x00007ff8dd108000 	C:\WINDOWS\SYSTEM32\ntdll.dll
0x00007ff8dba10000 - 0x00007ff8dbacd000 	C:\WINDOWS\System32\KERNEL32.DLL
0x00007ff8daa80000 - 0x00007ff8dad76000 	C:\WINDOWS\System32\KERNELBASE.dll
0x00007ff8da980000 - 0x00007ff8daa80000 	C:\WINDOWS\System32\ucrtbase.dll
0x00007ff8d75f0000 - 0x00007ff8d7609000 	C:\Program Files\Java\jdk-21\bin\jli.dll
0x00007ff8c9b30000 - 0x00007ff8c9b4b000 	C:\Program Files\Java\jdk-21\bin\VCRUNTIME140.dll
0x00007ff8dca40000 - 0x00007ff8dcaf0000 	C:\WINDOWS\System32\ADVAPI32.dll
0x00007ff8db970000 - 0x00007ff8dba0e000 	C:\WINDOWS\System32\msvcrt.dll
0x00007ff8dc650000 - 0x00007ff8dc6f0000 	C:\WINDOWS\System32\sechost.dll
0x00007ff8dcc70000 - 0x00007ff8dcd93000 	C:\WINDOWS\System32\RPCRT4.dll
0x00007ff8dad80000 - 0x00007ff8dada7000 	C:\WINDOWS\System32\bcrypt.dll
0x00007ff8dc700000 - 0x00007ff8dc89f000 	C:\WINDOWS\System32\USER32.dll
0x00007ff8c7bc0000 - 0x00007ff8c7e5a000 	C:\WINDOWS\WinSxS\amd64_microsoft.windows.common-controls_6595b64144ccf1df_6.0.19041.4355_none_60b8b9eb71f62e16\COMCTL32.dll
0x00007ff8da5d0000 - 0x00007ff8da5f2000 	C:\WINDOWS\System32\win32u.dll
0x00007ff8dc430000 - 0x00007ff8dc45b000 	C:\WINDOWS\System32\GDI32.dll
0x00007ff8da7d0000 - 0x00007ff8da8e7000 	C:\WINDOWS\System32\gdi32full.dll
0x00007ff8dadb0000 - 0x00007ff8dae4d000 	C:\WINDOWS\System32\msvcp_win.dll
0x00007ff8cfa40000 - 0x00007ff8cfa4a000 	C:\WINDOWS\SYSTEM32\VERSION.dll
0x00007ff8dca10000 - 0x00007ff8dca3f000 	C:\WINDOWS\System32\IMM32.DLL
0x00007ff8ca7e0000 - 0x00007ff8ca7ec000 	C:\Program Files\Java\jdk-21\bin\vcruntime140_1.dll
0x00007ff8763e0000 - 0x00007ff87646e000 	C:\Program Files\Java\jdk-21\bin\msvcp140.dll
0x00007ff86ed00000 - 0x00007ff86fa15000 	C:\Program Files\Java\jdk-21\bin\server\jvm.dll
0x00007ff8dcc00000 - 0x00007ff8dcc6b000 	C:\WINDOWS\System32\WS2_32.dll
0x00007ff8cfc60000 - 0x00007ff8cfc87000 	C:\WINDOWS\SYSTEM32\WINMM.dll
0x00007ff8d9b00000 - 0x00007ff8d9b4b000 	C:\WINDOWS\SYSTEM32\POWRPROF.dll
0x00007ff8d99c0000 - 0x00007ff8d99d2000 	C:\WINDOWS\SYSTEM32\UMPDC.dll
0x00007ff8d8370000 - 0x00007ff8d8382000 	C:\WINDOWS\SYSTEM32\kernel.appcore.dll
0x00007ff8c6c20000 - 0x00007ff8c6c2a000 	C:\Program Files\Java\jdk-21\bin\jimage.dll
0x00007ff8d2fa0000 - 0x00007ff8d3184000 	C:\WINDOWS\SYSTEM32\DBGHELP.DLL
0x00007ff8d21e0000 - 0x00007ff8d2214000 	C:\WINDOWS\SYSTEM32\dbgcore.DLL
0x00007ff8da8f0000 - 0x00007ff8da972000 	C:\WINDOWS\System32\bcryptPrimitives.dll
0x00007ff8c43e0000 - 0x00007ff8c43ff000 	C:\Program Files\Java\jdk-21\bin\java.dll

dbghelp: loaded successfully - version: 4.0.5 - missing functions: none
symbol engine: initialized successfully - sym options: 0x614 - pdb path: .;C:\Program Files\Java\jdk-21\bin;C:\WINDOWS\SYSTEM32;C:\WINDOWS\WinSxS\amd64_microsoft.windows.common-controls_6595b64144ccf1df_6.0.19041.4355_none_60b8b9eb71f62e16;C:\Program Files\Java\jdk-21\bin\server

VM Arguments:
jvm_args: -Dfile.encoding=UTF-8 --module-path=C:\Users\S.E\Documents\NetBeansProjects\University Management System\build\classes 
java_command: university.management.system.About
java_class_path (initial): E:\Download movie\jdk\mysql-connector-j-8.4.0.jar;E:\Download movie\jdk\jcalendar-tz-1.3.3-4.jar;E:\Download movie\jdk\rs2xml.jar;C:\Users\S.E\Documents\NetBeansProjects\University Management System\build\classes
Launcher Type: SUN_STANDARD

[Global flags]
     intx CICompilerCount                          = 3                                         {product} {ergonomic}
     uint ConcGCThreads                            = 1                                         {product} {ergonomic}
     uint G1ConcRefinementThreads                  = 4                                         {product} {ergonomic}
   size_t G1HeapRegionSize                         = 1048576                                   {product} {ergonomic}
    uintx GCDrainStackTargetSize                   = 64                                        {product} {ergonomic}
   size_t InitialHeapSize                          = 134217728                                 {product} {ergonomic}
   size_t MarkStackSize                            = 4194304                                   {product} {ergonomic}
   size_t MaxHeapSize                              = 2124414976                                {product} {ergonomic}
   size_t MinHeapDeltaBytes                        = 1048576                                   {product} {ergonomic}
   size_t MinHeapSize                              = 8388608                                   {product} {ergonomic}
    uintx NonNMethodCodeHeapSize                   = 5832780                                {pd product} {ergonomic}
    uintx NonProfiledCodeHeapSize                  = 122912730                              {pd product} {ergonomic}
    uintx ProfiledCodeHeapSize                     = 122912730                              {pd product} {ergonomic}
    uintx ReservedCodeCacheSize                    = 251658240                              {pd product} {ergonomic}
     bool SegmentedCodeCache                       = true                                      {product} {ergonomic}
   size_t SoftMaxHeapSize                          = 2124414976                             {manageable} {ergonomic}
     bool UseCompressedOops                        = true                           {product lp64_product} {ergonomic}
     bool UseG1GC                                  = true                                      {product} {ergonomic}
     bool UseLargePagesIndividualAllocation        = false                                  {pd product} {ergonomic}

Logging:
Log output configuration:
 #0: stdout all=warning uptime,level,tags foldmultilines=false
 #1: stderr all=off uptime,level,tags foldmultilines=false

Environment Variables:
PATH=C:\oraclexe\app\oracle\product\11.2.0\server\bin;C:\Program Files\Common Files\Oracle\Java\javapath;C:\WINDOWS\system32;C:\WINDOWS;C:\WINDOWS\System32\Wbem;C:\WINDOWS\System32\WindowsPowerShell\v1.0\;C:\WINDOWS\System32\OpenSSH\;C:\MinGW\bin;C:\Program Files\Java\jdk-21\bin;C:\Program Files\Java\jdk-17\bin;mysql-connector-java-5.1.23-bin;C:\Users\S.E\AppData\Local\Microsoft\WindowsApps;C:\Program Files\JetBrains\IntelliJ IDEA Community Edition 2023.2\bin;;C:\Users\S.E\AppData\Local\Programs\Microsoft VS Code\bin;C:\Users\S.E\3D Objects\IntelliJ IDEA 2024.1\bin;;E:\Download movie\flutter_windows_3.19.6-stable\flutter\bin;
USERNAME=S.E
OS=Windows_NT
PROCESSOR_IDENTIFIER=Intel64 Family 6 Model 69 Stepping 1, GenuineIntel
TMP=C:\Users\S.E\AppData\Local\Temp
TEMP=C:\Users\S.E\AppData\Local\Temp




Periodic native trim disabled

---------------  S Y S T E M  ---------------

OS:
 Windows 10 , 64 bit Build 19041 (10.0.19041.3636)
OS uptime: 6 days 0:02 hours

CPU: total 4 (initial active 4) (2 cores per cpu, 2 threads per core) family 6 model 69 stepping 1 microcode 0x25, cx8, cmov, fxsr, ht, mmx, sse, sse2, sse3, ssse3, sse4.1, sse4.2, popcnt, lzcnt, tsc, tscinvbit, avx, avx2, aes, erms, clmul, bmi1, bmi2, fma, vzeroupper, clflush, rdtscp, f16c
Processor Information for all 4 processors :
  Max Mhz: 2601, Current Mhz: 2601, Mhz Limit: 2601

Memory: 4k page, system-wide physical 8097M (1876M free)
TotalPageFile size 10386M (AvailPageFile size 120M)
current process WorkingSet (physical memory assigned to process): 10M, peak: 10M
current process commit charge ("private bytes"): 51M, peak: 179M

vm_info: Java HotSpot(TM) 64-Bit Server VM (21.0.1+12-LTS-29) for windows-amd64 JRE (21.0.1+12-LTS-29), built on 2023-10-05T13:27:09Z by "mach5one" with MS VC++ 17.1 (VS2022)

END.
